2021-05-11 16:02:32.466  INFO 7143 --- [main] c.i.edp.kafka.rest.mon.MonitorApp        : Starting MonitorApp v1.0 on root with PID 7143 (/home/sai/EDP-DATA-MODULES/GITREPOSITROYDEPLOYMENT/Kafka-REST-Monitor/libs/edp-kafkarest-mon-1.0.jar started by root in /home/sai/EDP-DATA-MODULES/GITREPOSITROYDEPLOYMENT/Kafka-REST-Monitor/libs)
2021-05-11 16:02:32.470  INFO 7143 --- [main] c.i.edp.kafka.rest.mon.MonitorApp        : No active profile set, falling back to default profiles: default
2021-05-11 16:02:32.561  INFO 7143 --- [main] ConfigServletWebServerApplicationContext : Refreshing org.springframework.boot.web.servlet.context.AnnotationConfigServletWebServerApplicationContext@3dfc5fb8: startup date [Tue May 11 16:02:32 IST 2021]; root of context hierarchy
2021-05-11 16:02:34.486  INFO 7143 --- [main] trationDelegate$BeanPostProcessorChecker : Bean 'org.springframework.transaction.annotation.ProxyTransactionManagementConfiguration' of type [org.springframework.transaction.annotation.ProxyTransactionManagementConfiguration$$EnhancerBySpringCGLIB$$b9cae4ff] is not eligible for getting processed by all BeanPostProcessors (for example: not eligible for auto-proxying)
2021-05-11 16:02:35.514  INFO 7143 --- [main] o.s.b.w.embedded.tomcat.TomcatWebServer  : Tomcat initialized with port(s): 9494 (http)
2021-05-11 16:02:35.681  INFO 7143 --- [main] o.apache.catalina.core.StandardService   : Starting service [Tomcat]
2021-05-11 16:02:35.681  INFO 7143 --- [main] org.apache.catalina.core.StandardEngine  : Starting Servlet Engine: Apache Tomcat/8.5.29
2021-05-11 16:02:35.716  INFO 7143 --- [localhost-startStop-1] o.a.catalina.core.AprLifecycleListener   : The APR based Apache Tomcat Native library which allows optimal performance in production environments was not found on the java.library.path: [/usr/java/packages/lib/amd64:/usr/lib64:/lib64:/lib:/usr/lib]
2021-05-11 16:02:35.886  INFO 7143 --- [localhost-startStop-1] o.a.c.c.C.[.[localhost].[/insightlake]   : Initializing Spring embedded WebApplicationContext
2021-05-11 16:02:35.886  INFO 7143 --- [localhost-startStop-1] o.s.web.context.ContextLoader            : Root WebApplicationContext: initialization completed in 3325 ms
2021-05-11 16:02:36.226  INFO 7143 --- [localhost-startStop-1] o.s.b.w.servlet.ServletRegistrationBean  : Servlet dispatcherServlet mapped to [/]
2021-05-11 16:02:36.228  INFO 7143 --- [localhost-startStop-1] o.s.b.w.servlet.ServletRegistrationBean  : Servlet webServlet mapped to [/h2-console/*]
2021-05-11 16:02:36.234  INFO 7143 --- [localhost-startStop-1] o.s.b.w.servlet.FilterRegistrationBean   : Mapping filter: 'characterEncodingFilter' to: [/*]
2021-05-11 16:02:36.235  INFO 7143 --- [localhost-startStop-1] o.s.b.w.servlet.FilterRegistrationBean   : Mapping filter: 'hiddenHttpMethodFilter' to: [/*]
2021-05-11 16:02:36.235  INFO 7143 --- [localhost-startStop-1] o.s.b.w.servlet.FilterRegistrationBean   : Mapping filter: 'httpPutFormContentFilter' to: [/*]
2021-05-11 16:02:36.235  INFO 7143 --- [localhost-startStop-1] o.s.b.w.servlet.FilterRegistrationBean   : Mapping filter: 'requestContextFilter' to: [/*]
2021-05-11 16:02:36.738  INFO 7143 --- [main] com.zaxxer.hikari.HikariDataSource       : HikariPool-1 - Starting...
2021-05-11 16:02:37.182  INFO 7143 --- [main] com.zaxxer.hikari.HikariDataSource       : HikariPool-1 - Start completed.
2021-05-11 16:02:38.035  INFO 7143 --- [main] liquibase                                : Successfully acquired change log lock
2021-05-11 16:02:39.170  INFO 7143 --- [main] liquibase                                : Creating database history table with name: PUBLIC.DATABASECHANGELOG
2021-05-11 16:02:39.174  INFO 7143 --- [main] liquibase                                : Reading from PUBLIC.DATABASECHANGELOG
2021-05-11 16:02:39.268  INFO 7143 --- [main] liquibase                                : classpath:db/changelog/db.changelog-master.xml: classpath:db/changelog/db.changelog-master.xml::quartz_tables_h2::edp: SQL in file db/changelog/sql/quartz_tables_h2.sql executed
2021-05-11 16:02:39.269  INFO 7143 --- [main] liquibase                                : classpath:db/changelog/db.changelog-master.xml: classpath:db/changelog/db.changelog-master.xml::quartz_tables_h2::edp: ChangeSet classpath:db/changelog/db.changelog-master.xml::quartz_tables_h2::edp ran successfully in 65ms
2021-05-11 16:02:39.281  INFO 7143 --- [main] liquibase                                : Successfully released change log lock
2021-05-11 16:02:39.479  INFO 7143 --- [main] j.LocalContainerEntityManagerFactoryBean : Building JPA container EntityManagerFactory for persistence unit 'default'
2021-05-11 16:02:39.511  INFO 7143 --- [main] o.hibernate.jpa.internal.util.LogHelper  : HHH000204: Processing PersistenceUnitInfo [
	name: default
	...]
2021-05-11 16:02:39.661  INFO 7143 --- [main] org.hibernate.Version                    : HHH000412: Hibernate Core {5.2.16.Final}
2021-05-11 16:02:39.664  INFO 7143 --- [main] org.hibernate.cfg.Environment            : HHH000206: hibernate.properties not found
2021-05-11 16:02:39.788  INFO 7143 --- [main] o.hibernate.annotations.common.Version   : HCANN000001: Hibernate Commons Annotations {5.0.1.Final}
2021-05-11 16:02:40.178  INFO 7143 --- [main] org.hibernate.dialect.Dialect            : HHH000400: Using dialect: org.hibernate.dialect.H2Dialect
2021-05-11 16:02:41.324  INFO 7143 --- [main] j.LocalContainerEntityManagerFactoryBean : Initialized JPA EntityManagerFactory for persistence unit 'default'
2021-05-11 16:02:41.631  INFO 7143 --- [main] org.quartz.impl.StdSchedulerFactory      : Using default implementation for ThreadExecutor
2021-05-11 16:02:41.663  INFO 7143 --- [main] org.quartz.core.SchedulerSignalerImpl    : Initialized Scheduler Signaller of type: class org.quartz.core.SchedulerSignalerImpl
2021-05-11 16:02:41.664  INFO 7143 --- [main] org.quartz.core.QuartzScheduler          : Quartz Scheduler v.2.3.0 created.
2021-05-11 16:02:41.669  INFO 7143 --- [main] o.s.s.quartz.LocalDataSourceJobStore     : Using db table-based data access locking (synchronization).
2021-05-11 16:02:41.674  INFO 7143 --- [main] o.s.s.quartz.LocalDataSourceJobStore     : JobStoreCMT initialized.
2021-05-11 16:02:41.676  INFO 7143 --- [main] org.quartz.core.QuartzScheduler          : Scheduler meta-data: Quartz Scheduler (v2.3.0) 'spring-boot-quartz-demo' with instanceId 'root1620729161636'
  Scheduler class: 'org.quartz.core.QuartzScheduler' - running locally.
  NOT STARTED.
  Currently in standby mode.
  Number of jobs executed: 0
  Using thread pool 'org.quartz.simpl.SimpleThreadPool' - with 5 threads.
  Using job-store 'org.springframework.scheduling.quartz.LocalDataSourceJobStore' - which supports persistence. and is clustered.

2021-05-11 16:02:41.676  INFO 7143 --- [main] org.quartz.impl.StdSchedulerFactory      : Quartz scheduler 'spring-boot-quartz-demo' initialized from an externally provided properties instance.
2021-05-11 16:02:41.676  INFO 7143 --- [main] org.quartz.impl.StdSchedulerFactory      : Quartz scheduler version: 2.3.0
2021-05-11 16:02:41.676  INFO 7143 --- [main] org.quartz.core.QuartzScheduler          : JobFactory set to: com.insightlake.edp.kafka.rest.mon.config.AutowiringSpringBeanJobFactory@663411de
2021-05-11 16:02:41.677  INFO 7143 --- [main] org.quartz.core.QuartzScheduler          : JobFactory set to: com.insightlake.edp.kafka.rest.mon.config.AutowiringSpringBeanJobFactory@663411de
2021-05-11 16:02:41.742  INFO 7143 --- [main] org.quartz.core.QuartzScheduler          : Scheduler spring-boot-quartz-demo_$_root1620729161636 started.
2021-05-11 16:02:41.768  INFO 7143 --- [main] org.quartz.impl.StdSchedulerFactory      : Using default implementation for ThreadExecutor
2021-05-11 16:02:41.769  INFO 7143 --- [main] org.quartz.core.SchedulerSignalerImpl    : Initialized Scheduler Signaller of type: class org.quartz.core.SchedulerSignalerImpl
2021-05-11 16:02:41.770  INFO 7143 --- [main] org.quartz.core.QuartzScheduler          : Quartz Scheduler v.2.3.0 created.
2021-05-11 16:02:41.770  INFO 7143 --- [main] o.s.s.quartz.LocalDataSourceJobStore     : Using db table-based data access locking (synchronization).
2021-05-11 16:02:41.770  INFO 7143 --- [main] o.s.s.quartz.LocalDataSourceJobStore     : JobStoreCMT initialized.
2021-05-11 16:02:41.770  INFO 7143 --- [main] org.quartz.core.QuartzScheduler          : Scheduler meta-data: Quartz Scheduler (v2.3.0) 'spring-boot-quartz-demo' with instanceId 'root1620729161768'
  Scheduler class: 'org.quartz.core.QuartzScheduler' - running locally.
  NOT STARTED.
  Currently in standby mode.
  Number of jobs executed: 0
  Using thread pool 'org.quartz.simpl.SimpleThreadPool' - with 5 threads.
  Using job-store 'org.springframework.scheduling.quartz.LocalDataSourceJobStore' - which supports persistence. and is clustered.

2021-05-11 16:02:41.770  INFO 7143 --- [main] org.quartz.impl.StdSchedulerFactory      : Quartz scheduler 'spring-boot-quartz-demo' initialized from an externally provided properties instance.
2021-05-11 16:02:41.771  INFO 7143 --- [main] org.quartz.impl.StdSchedulerFactory      : Quartz scheduler version: 2.3.0
2021-05-11 16:02:41.771  INFO 7143 --- [main] org.quartz.core.QuartzScheduler          : JobFactory set to: com.insightlake.edp.kafka.rest.mon.config.AutowiringSpringBeanJobFactory@663411de
2021-05-11 16:02:41.771  INFO 7143 --- [main] org.quartz.core.QuartzScheduler          : JobFactory set to: com.insightlake.edp.kafka.rest.mon.config.AutowiringSpringBeanJobFactory@663411de
2021-05-11 16:02:41.786  INFO 7143 --- [main] org.quartz.core.QuartzScheduler          : Scheduler spring-boot-quartz-demo_$_root1620729161768 started.
2021-05-11 16:02:42.256  INFO 7143 --- [main] o.s.w.s.handler.SimpleUrlHandlerMapping  : Mapped URL path [/**/favicon.ico] onto handler of type [class org.springframework.web.servlet.resource.ResourceHttpRequestHandler]
2021-05-11 16:02:43.502  INFO 7143 --- [main] s.w.s.m.m.a.RequestMappingHandlerAdapter : Looking for @ControllerAdvice: org.springframework.boot.web.servlet.context.AnnotationConfigServletWebServerApplicationContext@3dfc5fb8: startup date [Tue May 11 16:02:32 IST 2021]; root of context hierarchy
2021-05-11 16:02:43.587  WARN 7143 --- [main] aWebConfiguration$JpaWebMvcConfiguration : spring.jpa.open-in-view is enabled by default. Therefore, database queries may be performed during view rendering. Explicitly configure spring.jpa.open-in-view to disable this warning
2021-05-11 16:02:44.113  INFO 7143 --- [main] s.w.s.m.m.a.RequestMappingHandlerMapping : Mapped "{[/monitor/schemaRegisty],methods=[GET]}" onto public org.springframework.http.ResponseEntity<com.insightlake.edp.kafka.rest.mon.entity.ResponseWrapper<java.util.Set<com.insightlake.edp.kafka.rest.mon.entity.Result>>> com.insightlake.edp.kafka.rest.mon.controller.MonitorController.getAllSchema()
2021-05-11 16:02:44.117  INFO 7143 --- [main] s.w.s.m.m.a.RequestMappingHandlerMapping : Mapped "{[/monitor/ksql],methods=[GET]}" onto public org.springframework.http.ResponseEntity<com.insightlake.edp.kafka.rest.mon.entity.ResponseWrapper<java.util.Set<com.insightlake.edp.kafka.rest.mon.entity.Result>>> com.insightlake.edp.kafka.rest.mon.controller.MonitorController.checkKsql()
2021-05-11 16:02:44.118  INFO 7143 --- [main] s.w.s.m.m.a.RequestMappingHandlerMapping : Mapped "{[/monitor/connector],methods=[GET]}" onto public org.springframework.http.ResponseEntity<com.insightlake.edp.kafka.rest.mon.entity.ResponseWrapper<java.util.Set<com.insightlake.edp.kafka.rest.mon.entity.Result>>> com.insightlake.edp.kafka.rest.mon.controller.MonitorController.getAllConnector() throws com.fasterxml.jackson.core.JsonParseException,com.fasterxml.jackson.databind.JsonMappingException,java.io.IOException
2021-05-11 16:02:44.128  INFO 7143 --- [main] s.w.s.m.m.a.RequestMappingHandlerMapping : Mapped "{[/error],produces=[text/html]}" onto public org.springframework.web.servlet.ModelAndView org.springframework.boot.autoconfigure.web.servlet.error.BasicErrorController.errorHtml(javax.servlet.http.HttpServletRequest,javax.servlet.http.HttpServletResponse)
2021-05-11 16:02:44.129  INFO 7143 --- [main] s.w.s.m.m.a.RequestMappingHandlerMapping : Mapped "{[/error]}" onto public org.springframework.http.ResponseEntity<java.util.Map<java.lang.String, java.lang.Object>> org.springframework.boot.autoconfigure.web.servlet.error.BasicErrorController.error(javax.servlet.http.HttpServletRequest)
2021-05-11 16:02:44.204  INFO 7143 --- [main] o.s.w.s.handler.SimpleUrlHandlerMapping  : Mapped URL path [/webjars/**] onto handler of type [class org.springframework.web.servlet.resource.ResourceHttpRequestHandler]
2021-05-11 16:02:44.204  INFO 7143 --- [main] o.s.w.s.handler.SimpleUrlHandlerMapping  : Mapped URL path [/**] onto handler of type [class org.springframework.web.servlet.resource.ResourceHttpRequestHandler]
2021-05-11 16:02:45.138  INFO 7143 --- [spring-boot-quartz-demo_Worker-1] o.h.h.i.QueryTranslatorFactoryInitiator  : HHH000397: Using ASTQueryTranslatorFactory
2021-05-11 16:02:45.396  INFO 7143 --- [main] org.quartz.impl.StdSchedulerFactory      : Using default implementation for ThreadExecutor
2021-05-11 16:02:45.398  INFO 7143 --- [main] org.quartz.core.SchedulerSignalerImpl    : Initialized Scheduler Signaller of type: class org.quartz.core.SchedulerSignalerImpl
2021-05-11 16:02:45.398  INFO 7143 --- [main] org.quartz.core.QuartzScheduler          : Quartz Scheduler v.2.3.0 created.
2021-05-11 16:02:45.398  INFO 7143 --- [main] org.quartz.simpl.RAMJobStore             : RAMJobStore initialized.
2021-05-11 16:02:45.398  INFO 7143 --- [main] org.quartz.core.QuartzScheduler          : Scheduler meta-data: Quartz Scheduler (v2.3.0) 'quartzScheduler' with instanceId 'NON_CLUSTERED'
  Scheduler class: 'org.quartz.core.QuartzScheduler' - running locally.
  NOT STARTED.
  Currently in standby mode.
  Number of jobs executed: 0
  Using thread pool 'org.quartz.simpl.SimpleThreadPool' - with 10 threads.
  Using job-store 'org.quartz.simpl.RAMJobStore' - which does not support persistence. and is not clustered.

2021-05-11 16:02:45.399  INFO 7143 --- [main] org.quartz.impl.StdSchedulerFactory      : Quartz scheduler 'quartzScheduler' initialized from an externally provided properties instance.
2021-05-11 16:02:45.399  INFO 7143 --- [main] org.quartz.impl.StdSchedulerFactory      : Quartz scheduler version: 2.3.0
2021-05-11 16:02:45.399  INFO 7143 --- [main] org.quartz.core.QuartzScheduler          : JobFactory set to: org.springframework.boot.autoconfigure.quartz.AutowireCapableBeanJobFactory@60dce7ea
2021-05-11 16:02:45.564  INFO 7143 --- [main] o.s.j.e.a.AnnotationMBeanExporter        : Registering beans for JMX exposure on startup
2021-05-11 16:02:45.569  INFO 7143 --- [main] o.s.j.e.a.AnnotationMBeanExporter        : Bean with name 'dataSource' has been autodetected for JMX exposure
2021-05-11 16:02:45.577  INFO 7143 --- [main] o.s.j.e.a.AnnotationMBeanExporter        : Located MBean 'dataSource': registering with JMX server as MBean [com.zaxxer.hikari:name=dataSource,type=HikariDataSource]
2021-05-11 16:02:45.592  INFO 7143 --- [main] o.s.c.support.DefaultLifecycleProcessor  : Starting beans in phase 2147483647
2021-05-11 16:02:45.594  INFO 7143 --- [main] o.s.s.quartz.SchedulerFactoryBean        : Starting Quartz Scheduler now
2021-05-11 16:02:45.595  INFO 7143 --- [main] org.quartz.core.QuartzScheduler          : Scheduler quartzScheduler_$_NON_CLUSTERED started.
2021-05-11 16:02:45.754  WARN 7143 --- [quartzScheduler_Worker-1] o.h.engine.jdbc.spi.SqlExceptionHelper   : SQL Error: 23505, SQLState: 23505
2021-05-11 16:02:45.754  WARN 7143 --- [quartzScheduler_Worker-2] o.h.engine.jdbc.spi.SqlExceptionHelper   : SQL Error: 23505, SQLState: 23505
2021-05-11 16:02:45.755 ERROR 7143 --- [quartzScheduler_Worker-1] o.h.engine.jdbc.spi.SqlExceptionHelper   : Unique index or primary key violation: "UK_PLEK7X2LRU8T4XICTDO3R5RC7_INDEX_A ON PUBLIC.CONNECTOR_STATUS(NAME) VALUES ('file-source', 1)"; SQL statement:
insert into connector_status (is_notify, name, status, trace, id) values (?, ?, ?, ?, ?) [23505-197]
2021-05-11 16:02:45.755 ERROR 7143 --- [quartzScheduler_Worker-2] o.h.engine.jdbc.spi.SqlExceptionHelper   : Unique index or primary key violation: "UK_OO2JEX3D6F2PP4KWMQ4NOF09E_INDEX_8 ON PUBLIC.CONNECTOR(NAME) VALUES ('file-source', 2)"; SQL statement:
insert into connector (config, name, id) values (?, ?, ?) [23505-197]
2021-05-11 16:02:45.965 ERROR 7143 --- [quartzScheduler_Worker-2] o.h.i.ExceptionMapperStandardImpl        : HHH000346: Error during managed flush [org.hibernate.exception.ConstraintViolationException: could not execute statement]
2021-05-11 16:02:45.965 ERROR 7143 --- [quartzScheduler_Worker-1] o.h.i.ExceptionMapperStandardImpl        : HHH000346: Error during managed flush [org.hibernate.exception.ConstraintViolationException: could not execute statement]
2021-05-11 16:02:45.966  INFO 7143 --- [main] o.s.b.w.embedded.tomcat.TomcatWebServer  : Tomcat started on port(s): 9494 (http) with context path '/insightlake'
2021-05-11 16:02:46.021  INFO 7143 --- [main] c.i.edp.kafka.rest.mon.MonitorApp        : Started MonitorApp in 17.403 seconds (JVM running for 20.597)
2021-05-11 16:02:57.275  INFO 7143 --- [Thread-7] ConfigServletWebServerApplicationContext : Closing org.springframework.boot.web.servlet.context.AnnotationConfigServletWebServerApplicationContext@3dfc5fb8: startup date [Tue May 11 16:02:32 IST 2021]; root of context hierarchy
2021-05-11 16:02:57.370  INFO 7143 --- [Thread-7] o.s.c.support.DefaultLifecycleProcessor  : Stopping beans in phase 2147483647
2021-05-11 16:02:57.372  INFO 7143 --- [Thread-7] org.quartz.core.QuartzScheduler          : Scheduler quartzScheduler_$_NON_CLUSTERED paused.
2021-05-11 16:02:57.373  INFO 7143 --- [Thread-7] o.s.s.quartz.SchedulerFactoryBean        : Shutting down Quartz Scheduler
2021-05-11 16:02:57.374  INFO 7143 --- [Thread-7] org.quartz.core.QuartzScheduler          : Scheduler quartzScheduler_$_NON_CLUSTERED shutting down.
2021-05-11 16:02:57.374  INFO 7143 --- [Thread-7] org.quartz.core.QuartzScheduler          : Scheduler quartzScheduler_$_NON_CLUSTERED paused.
2021-05-11 16:02:57.376  INFO 7143 --- [Thread-7] org.quartz.core.QuartzScheduler          : Scheduler quartzScheduler_$_NON_CLUSTERED shutdown complete.
2021-05-11 16:02:57.377  INFO 7143 --- [Thread-7] o.s.j.e.a.AnnotationMBeanExporter        : Unregistering JMX-exposed beans on shutdown
2021-05-11 16:02:57.379  INFO 7143 --- [Thread-7] o.s.j.e.a.AnnotationMBeanExporter        : Unregistering JMX-exposed beans
2021-05-11 16:02:57.389  INFO 7143 --- [Thread-7] org.quartz.core.QuartzScheduler          : Scheduler spring-boot-quartz-demo_$_root1620729161768 shutting down.
2021-05-11 16:02:57.390  INFO 7143 --- [Thread-7] org.quartz.core.QuartzScheduler          : Scheduler spring-boot-quartz-demo_$_root1620729161768 paused.
2021-05-11 16:02:57.393  INFO 7143 --- [Thread-7] org.quartz.core.QuartzScheduler          : Scheduler spring-boot-quartz-demo_$_root1620729161768 shutdown complete.
2021-05-11 16:02:57.394  INFO 7143 --- [Thread-7] org.quartz.core.QuartzScheduler          : Scheduler spring-boot-quartz-demo_$_root1620729161636 shutting down.
2021-05-11 16:02:57.394  INFO 7143 --- [Thread-7] org.quartz.core.QuartzScheduler          : Scheduler spring-boot-quartz-demo_$_root1620729161636 paused.
2021-05-11 16:02:57.396  INFO 7143 --- [Thread-7] org.quartz.core.QuartzScheduler          : Scheduler spring-boot-quartz-demo_$_root1620729161636 shutdown complete.
2021-05-11 16:02:57.397  INFO 7143 --- [Thread-7] j.LocalContainerEntityManagerFactoryBean : Closing JPA EntityManagerFactory for persistence unit 'default'
2021-05-11 16:02:57.400  INFO 7143 --- [Thread-7] com.zaxxer.hikari.HikariDataSource       : HikariPool-1 - Shutdown initiated...
2021-05-11 16:02:57.463  INFO 7143 --- [Thread-7] com.zaxxer.hikari.HikariDataSource       : HikariPool-1 - Shutdown completed.
2021-05-11 18:56:03.268  INFO 21677 --- [main] c.i.edp.kafka.rest.mon.MonitorApp        : Starting MonitorApp v1.0 on root with PID 21677 (/home/sai/EDP-DATA-MODULES/GITREPOSITROYDEPLOYMENT/Kafka-REST-Monitor/libs/edp-kafkarest-mon-1.0.jar started by root in /home/sai/EDP-DATA-MODULES/GITREPOSITROYDEPLOYMENT/Kafka-REST-Monitor/libs)
2021-05-11 18:56:03.274  INFO 21677 --- [main] c.i.edp.kafka.rest.mon.MonitorApp        : No active profile set, falling back to default profiles: default
2021-05-11 18:56:03.346  INFO 21677 --- [main] ConfigServletWebServerApplicationContext : Refreshing org.springframework.boot.web.servlet.context.AnnotationConfigServletWebServerApplicationContext@4d50efb8: startup date [Tue May 11 18:56:03 IST 2021]; root of context hierarchy
2021-05-11 18:56:04.759  INFO 21677 --- [main] trationDelegate$BeanPostProcessorChecker : Bean 'org.springframework.transaction.annotation.ProxyTransactionManagementConfiguration' of type [org.springframework.transaction.annotation.ProxyTransactionManagementConfiguration$$EnhancerBySpringCGLIB$$b9cae4ff] is not eligible for getting processed by all BeanPostProcessors (for example: not eligible for auto-proxying)
2021-05-11 18:56:05.358  INFO 21677 --- [main] o.s.b.w.embedded.tomcat.TomcatWebServer  : Tomcat initialized with port(s): 9494 (http)
2021-05-11 18:56:05.394  INFO 21677 --- [main] o.apache.catalina.core.StandardService   : Starting service [Tomcat]
2021-05-11 18:56:05.395  INFO 21677 --- [main] org.apache.catalina.core.StandardEngine  : Starting Servlet Engine: Apache Tomcat/8.5.29
2021-05-11 18:56:05.407  INFO 21677 --- [localhost-startStop-1] o.a.catalina.core.AprLifecycleListener   : The APR based Apache Tomcat Native library which allows optimal performance in production environments was not found on the java.library.path: [/usr/java/packages/lib/amd64:/usr/lib64:/lib64:/lib:/usr/lib]
2021-05-11 18:56:05.516  INFO 21677 --- [localhost-startStop-1] o.a.c.c.C.[.[localhost].[/insightlake]   : Initializing Spring embedded WebApplicationContext
2021-05-11 18:56:05.517  INFO 21677 --- [localhost-startStop-1] o.s.web.context.ContextLoader            : Root WebApplicationContext: initialization completed in 2171 ms
2021-05-11 18:56:05.729  INFO 21677 --- [localhost-startStop-1] o.s.b.w.servlet.ServletRegistrationBean  : Servlet dispatcherServlet mapped to [/]
2021-05-11 18:56:05.731  INFO 21677 --- [localhost-startStop-1] o.s.b.w.servlet.ServletRegistrationBean  : Servlet webServlet mapped to [/h2-console/*]
2021-05-11 18:56:05.735  INFO 21677 --- [localhost-startStop-1] o.s.b.w.servlet.FilterRegistrationBean   : Mapping filter: 'characterEncodingFilter' to: [/*]
2021-05-11 18:56:05.736  INFO 21677 --- [localhost-startStop-1] o.s.b.w.servlet.FilterRegistrationBean   : Mapping filter: 'hiddenHttpMethodFilter' to: [/*]
2021-05-11 18:56:05.736  INFO 21677 --- [localhost-startStop-1] o.s.b.w.servlet.FilterRegistrationBean   : Mapping filter: 'httpPutFormContentFilter' to: [/*]
2021-05-11 18:56:05.736  INFO 21677 --- [localhost-startStop-1] o.s.b.w.servlet.FilterRegistrationBean   : Mapping filter: 'requestContextFilter' to: [/*]
2021-05-11 18:56:06.159  INFO 21677 --- [main] com.zaxxer.hikari.HikariDataSource       : HikariPool-1 - Starting...
2021-05-11 18:56:06.576  INFO 21677 --- [main] com.zaxxer.hikari.HikariDataSource       : HikariPool-1 - Start completed.
2021-05-11 18:56:06.759  INFO 21677 --- [main] liquibase                                : Successfully acquired change log lock
2021-05-11 18:56:07.960  INFO 21677 --- [main] liquibase                                : Reading from PUBLIC.DATABASECHANGELOG
2021-05-11 18:56:07.975  INFO 21677 --- [main] liquibase                                : Successfully released change log lock
2021-05-11 18:56:08.188  INFO 21677 --- [main] j.LocalContainerEntityManagerFactoryBean : Building JPA container EntityManagerFactory for persistence unit 'default'
2021-05-11 18:56:08.222  INFO 21677 --- [main] o.hibernate.jpa.internal.util.LogHelper  : HHH000204: Processing PersistenceUnitInfo [
	name: default
	...]
2021-05-11 18:56:08.353  INFO 21677 --- [main] org.hibernate.Version                    : HHH000412: Hibernate Core {5.2.16.Final}
2021-05-11 18:56:08.356  INFO 21677 --- [main] org.hibernate.cfg.Environment            : HHH000206: hibernate.properties not found
2021-05-11 18:56:08.431  INFO 21677 --- [main] o.hibernate.annotations.common.Version   : HCANN000001: Hibernate Commons Annotations {5.0.1.Final}
2021-05-11 18:56:08.739  INFO 21677 --- [main] org.hibernate.dialect.Dialect            : HHH000400: Using dialect: org.hibernate.dialect.H2Dialect
2021-05-11 18:56:09.502  INFO 21677 --- [main] j.LocalContainerEntityManagerFactoryBean : Initialized JPA EntityManagerFactory for persistence unit 'default'
2021-05-11 18:56:09.773  INFO 21677 --- [main] org.quartz.impl.StdSchedulerFactory      : Using default implementation for ThreadExecutor
2021-05-11 18:56:09.794  INFO 21677 --- [main] org.quartz.core.SchedulerSignalerImpl    : Initialized Scheduler Signaller of type: class org.quartz.core.SchedulerSignalerImpl
2021-05-11 18:56:09.795  INFO 21677 --- [main] org.quartz.core.QuartzScheduler          : Quartz Scheduler v.2.3.0 created.
2021-05-11 18:56:09.800  INFO 21677 --- [main] o.s.s.quartz.LocalDataSourceJobStore     : Using db table-based data access locking (synchronization).
2021-05-11 18:56:09.805  INFO 21677 --- [main] o.s.s.quartz.LocalDataSourceJobStore     : JobStoreCMT initialized.
2021-05-11 18:56:09.807  INFO 21677 --- [main] org.quartz.core.QuartzScheduler          : Scheduler meta-data: Quartz Scheduler (v2.3.0) 'spring-boot-quartz-demo' with instanceId 'root1620739569776'
  Scheduler class: 'org.quartz.core.QuartzScheduler' - running locally.
  NOT STARTED.
  Currently in standby mode.
  Number of jobs executed: 0
  Using thread pool 'org.quartz.simpl.SimpleThreadPool' - with 5 threads.
  Using job-store 'org.springframework.scheduling.quartz.LocalDataSourceJobStore' - which supports persistence. and is clustered.

2021-05-11 18:56:09.808  INFO 21677 --- [main] org.quartz.impl.StdSchedulerFactory      : Quartz scheduler 'spring-boot-quartz-demo' initialized from an externally provided properties instance.
2021-05-11 18:56:09.808  INFO 21677 --- [main] org.quartz.impl.StdSchedulerFactory      : Quartz scheduler version: 2.3.0
2021-05-11 18:56:09.810  INFO 21677 --- [main] org.quartz.core.QuartzScheduler          : JobFactory set to: com.insightlake.edp.kafka.rest.mon.config.AutowiringSpringBeanJobFactory@363042d7
2021-05-11 18:56:09.812  INFO 21677 --- [main] org.quartz.core.QuartzScheduler          : JobFactory set to: com.insightlake.edp.kafka.rest.mon.config.AutowiringSpringBeanJobFactory@363042d7
2021-05-11 18:56:09.854  WARN 21677 --- [main] ConfigServletWebServerApplicationContext : Exception encountered during context initialization - cancelling refresh attempt: org.springframework.beans.factory.BeanCreationException: Error creating bean with name 'schedulertestFactoryBean' defined in class path resource [com/insightlake/edp/kafka/rest/mon/QrtzScheduler.class]: Bean instantiation via factory method failed; nested exception is org.springframework.beans.BeanInstantiationException: Failed to instantiate [org.quartz.Scheduler]: Factory method 'schedulertestFactoryBean' threw exception; nested exception is org.quartz.ObjectAlreadyExistsException: Unable to store Job : 'DEFAULT.ConnectorJobDetail', because one already exists with this identification.
2021-05-11 18:56:09.854  INFO 21677 --- [main] j.LocalContainerEntityManagerFactoryBean : Closing JPA EntityManagerFactory for persistence unit 'default'
2021-05-11 18:56:09.855  INFO 21677 --- [main] com.zaxxer.hikari.HikariDataSource       : HikariPool-1 - Shutdown initiated...
2021-05-11 18:56:09.871  INFO 21677 --- [main] com.zaxxer.hikari.HikariDataSource       : HikariPool-1 - Shutdown completed.
2021-05-11 18:56:09.880  INFO 21677 --- [main] o.apache.catalina.core.StandardService   : Stopping service [Tomcat]
2021-05-11 18:56:09.901  INFO 21677 --- [main] ConditionEvaluationReportLoggingListener : 

Error starting ApplicationContext. To display the conditions report re-run your application with 'debug' enabled.
2021-05-11 18:56:09.911 ERROR 21677 --- [main] o.s.boot.SpringApplication               : Application run failed

org.springframework.beans.factory.BeanCreationException: Error creating bean with name 'schedulertestFactoryBean' defined in class path resource [com/insightlake/edp/kafka/rest/mon/QrtzScheduler.class]: Bean instantiation via factory method failed; nested exception is org.springframework.beans.BeanInstantiationException: Failed to instantiate [org.quartz.Scheduler]: Factory method 'schedulertestFactoryBean' threw exception; nested exception is org.quartz.ObjectAlreadyExistsException: Unable to store Job : 'DEFAULT.ConnectorJobDetail', because one already exists with this identification.
	at org.springframework.beans.factory.support.ConstructorResolver.instantiateUsingFactoryMethod(ConstructorResolver.java:587) ~[spring-beans-5.0.5.RELEASE.jar!/:5.0.5.RELEASE]
	at org.springframework.beans.factory.support.AbstractAutowireCapableBeanFactory.instantiateUsingFactoryMethod(AbstractAutowireCapableBeanFactory.java:1250) ~[spring-beans-5.0.5.RELEASE.jar!/:5.0.5.RELEASE]
	at org.springframework.beans.factory.support.AbstractAutowireCapableBeanFactory.createBeanInstance(AbstractAutowireCapableBeanFactory.java:1099) ~[spring-beans-5.0.5.RELEASE.jar!/:5.0.5.RELEASE]
	at org.springframework.beans.factory.support.AbstractAutowireCapableBeanFactory.doCreateBean(AbstractAutowireCapableBeanFactory.java:541) ~[spring-beans-5.0.5.RELEASE.jar!/:5.0.5.RELEASE]
	at org.springframework.beans.factory.support.AbstractAutowireCapableBeanFactory.createBean(AbstractAutowireCapableBeanFactory.java:501) ~[spring-beans-5.0.5.RELEASE.jar!/:5.0.5.RELEASE]
	at org.springframework.beans.factory.support.AbstractBeanFactory.lambda$doGetBean$0(AbstractBeanFactory.java:317) ~[spring-beans-5.0.5.RELEASE.jar!/:5.0.5.RELEASE]
	at org.springframework.beans.factory.support.DefaultSingletonBeanRegistry.getSingleton(DefaultSingletonBeanRegistry.java:228) ~[spring-beans-5.0.5.RELEASE.jar!/:5.0.5.RELEASE]
	at org.springframework.beans.factory.support.AbstractBeanFactory.doGetBean(AbstractBeanFactory.java:315) ~[spring-beans-5.0.5.RELEASE.jar!/:5.0.5.RELEASE]
	at org.springframework.beans.factory.support.AbstractBeanFactory.getBean(AbstractBeanFactory.java:199) ~[spring-beans-5.0.5.RELEASE.jar!/:5.0.5.RELEASE]
	at org.springframework.beans.factory.support.DefaultListableBeanFactory.preInstantiateSingletons(DefaultListableBeanFactory.java:760) ~[spring-beans-5.0.5.RELEASE.jar!/:5.0.5.RELEASE]
	at org.springframework.context.support.AbstractApplicationContext.finishBeanFactoryInitialization(AbstractApplicationContext.java:869) ~[spring-context-5.0.5.RELEASE.jar!/:5.0.5.RELEASE]
	at org.springframework.context.support.AbstractApplicationContext.refresh(AbstractApplicationContext.java:550) ~[spring-context-5.0.5.RELEASE.jar!/:5.0.5.RELEASE]
	at org.springframework.boot.web.servlet.context.ServletWebServerApplicationContext.refresh(ServletWebServerApplicationContext.java:140) ~[spring-boot-2.0.1.RELEASE.jar!/:2.0.1.RELEASE]
	at org.springframework.boot.SpringApplication.refresh(SpringApplication.java:759) [spring-boot-2.0.1.RELEASE.jar!/:2.0.1.RELEASE]
	at org.springframework.boot.SpringApplication.refreshContext(SpringApplication.java:395) [spring-boot-2.0.1.RELEASE.jar!/:2.0.1.RELEASE]
	at org.springframework.boot.SpringApplication.run(SpringApplication.java:327) [spring-boot-2.0.1.RELEASE.jar!/:2.0.1.RELEASE]
	at org.springframework.boot.SpringApplication.run(SpringApplication.java:1255) [spring-boot-2.0.1.RELEASE.jar!/:2.0.1.RELEASE]
	at org.springframework.boot.SpringApplication.run(SpringApplication.java:1243) [spring-boot-2.0.1.RELEASE.jar!/:2.0.1.RELEASE]
	at com.insightlake.edp.kafka.rest.mon.MonitorApp.main(MonitorApp.java:17) [classes!/:1.0]
	at sun.reflect.NativeMethodAccessorImpl.invoke0(Native Method) ~[na:1.8.0_201]
	at sun.reflect.NativeMethodAccessorImpl.invoke(NativeMethodAccessorImpl.java:62) ~[na:1.8.0_201]
	at sun.reflect.DelegatingMethodAccessorImpl.invoke(DelegatingMethodAccessorImpl.java:43) ~[na:1.8.0_201]
	at java.lang.reflect.Method.invoke(Method.java:498) ~[na:1.8.0_201]
	at org.springframework.boot.loader.MainMethodRunner.run(MainMethodRunner.java:48) [edp-kafkarest-mon-1.0.jar:1.0]
	at org.springframework.boot.loader.Launcher.launch(Launcher.java:87) [edp-kafkarest-mon-1.0.jar:1.0]
	at org.springframework.boot.loader.Launcher.launch(Launcher.java:50) [edp-kafkarest-mon-1.0.jar:1.0]
	at org.springframework.boot.loader.JarLauncher.main(JarLauncher.java:51) [edp-kafkarest-mon-1.0.jar:1.0]
Caused by: org.springframework.beans.BeanInstantiationException: Failed to instantiate [org.quartz.Scheduler]: Factory method 'schedulertestFactoryBean' threw exception; nested exception is org.quartz.ObjectAlreadyExistsException: Unable to store Job : 'DEFAULT.ConnectorJobDetail', because one already exists with this identification.
	at org.springframework.beans.factory.support.SimpleInstantiationStrategy.instantiate(SimpleInstantiationStrategy.java:185) ~[spring-beans-5.0.5.RELEASE.jar!/:5.0.5.RELEASE]
	at org.springframework.beans.factory.support.ConstructorResolver.instantiateUsingFactoryMethod(ConstructorResolver.java:579) ~[spring-beans-5.0.5.RELEASE.jar!/:5.0.5.RELEASE]
	... 26 common frames omitted
Caused by: org.quartz.ObjectAlreadyExistsException: Unable to store Job : 'DEFAULT.ConnectorJobDetail', because one already exists with this identification.
	at org.quartz.impl.jdbcjobstore.JobStoreSupport.storeJob(JobStoreSupport.java:1113) ~[quartz-2.3.0.jar!/:na]
	at org.quartz.impl.jdbcjobstore.JobStoreSupport$2.executeVoid(JobStoreSupport.java:1067) ~[quartz-2.3.0.jar!/:na]
	at org.quartz.impl.jdbcjobstore.JobStoreSupport$VoidTransactionCallback.execute(JobStoreSupport.java:3765) ~[quartz-2.3.0.jar!/:na]
	at org.quartz.impl.jdbcjobstore.JobStoreSupport$VoidTransactionCallback.execute(JobStoreSupport.java:3763) ~[quartz-2.3.0.jar!/:na]
	at org.quartz.impl.jdbcjobstore.JobStoreCMT.executeInLock(JobStoreCMT.java:245) ~[quartz-2.3.0.jar!/:na]
	at org.quartz.impl.jdbcjobstore.JobStoreSupport.storeJobAndTrigger(JobStoreSupport.java:1063) ~[quartz-2.3.0.jar!/:na]
	at org.quartz.core.QuartzScheduler.scheduleJob(QuartzScheduler.java:855) ~[quartz-2.3.0.jar!/:na]
	at org.quartz.impl.StdScheduler.scheduleJob(StdScheduler.java:249) ~[quartz-2.3.0.jar!/:na]
	at com.insightlake.edp.kafka.rest.mon.QrtzScheduler.schedulertestFactoryBean(QrtzScheduler.java:88) ~[classes!/:1.0]
	at com.insightlake.edp.kafka.rest.mon.QrtzScheduler$$EnhancerBySpringCGLIB$$4a732295.CGLIB$schedulertestFactoryBean$5(<generated>) ~[classes!/:1.0]
	at com.insightlake.edp.kafka.rest.mon.QrtzScheduler$$EnhancerBySpringCGLIB$$4a732295$$FastClassBySpringCGLIB$$1284c46d.invoke(<generated>) ~[classes!/:1.0]
	at org.springframework.cglib.proxy.MethodProxy.invokeSuper(MethodProxy.java:228) ~[spring-core-5.0.5.RELEASE.jar!/:5.0.5.RELEASE]
	at org.springframework.context.annotation.ConfigurationClassEnhancer$BeanMethodInterceptor.intercept(ConfigurationClassEnhancer.java:361) ~[spring-context-5.0.5.RELEASE.jar!/:5.0.5.RELEASE]
	at com.insightlake.edp.kafka.rest.mon.QrtzScheduler$$EnhancerBySpringCGLIB$$4a732295.schedulertestFactoryBean(<generated>) ~[classes!/:1.0]
	at sun.reflect.NativeMethodAccessorImpl.invoke0(Native Method) ~[na:1.8.0_201]
	at sun.reflect.NativeMethodAccessorImpl.invoke(NativeMethodAccessorImpl.java:62) ~[na:1.8.0_201]
	at sun.reflect.DelegatingMethodAccessorImpl.invoke(DelegatingMethodAccessorImpl.java:43) ~[na:1.8.0_201]
	at java.lang.reflect.Method.invoke(Method.java:498) ~[na:1.8.0_201]
	at org.springframework.beans.factory.support.SimpleInstantiationStrategy.instantiate(SimpleInstantiationStrategy.java:154) ~[spring-beans-5.0.5.RELEASE.jar!/:5.0.5.RELEASE]
	... 27 common frames omitted

